<?xml version="1.0" encoding="UTF-8"?>
<!-- Generated by org.testng.reporters.JUnitXMLReporter -->
<testsuite hostname="DESKTOP-Q4G3OJ0" name="Loginflow" tests="5" failures="0" timestamp="3 Jan 2023 08:54:39 GMT" time="125.578" errors="0">
  <testcase name="LoginVerify" time="49.619" classname="hrPageTestCase.TC_LoginTestCase_001"/>
  <testcase name="verifycompany" time="17.795" classname="hrPageTestCase.TC_companyTestcase_002"/>
  <testcase name="verifyleave" time="16.719" classname="hrPageTestCase.TC_leavesTestcase_003"/>
  <testcase name="verifyattendance" time="10.87" classname="hrPageTestCase.TC_Attendancetestcase_004"/>
  <testcase name="verifyBirthday" time="14.161" classname="hrPageTestCase.TC_BirthdayTestcase_006"/>
</testsuite> <!-- Loginflow -->
