<?xml version="1.0" encoding="UTF-8"?>
<testng-results skipped="0" failed="0" total="5" passed="5">
  <reporter-output>
  </reporter-output>
  <suite name="hrPageTestcase" duration-ms="125578" started-at="2023-01-03T08:52:34Z" finished-at="2023-01-03T08:54:39Z">
    <groups>
    </groups>
    <test name="Loginflow" duration-ms="125578" started-at="2023-01-03T08:52:34Z" finished-at="2023-01-03T08:54:39Z">
      <class name="hrPageTestCase.TC_BirthdayTestcase_006">
        <test-method status="PASS" signature="verifyBirthday()[pri:0, instance:hrPageTestCase.TC_BirthdayTestcase_006@50f8360d]" name="verifyBirthday" duration-ms="14161" started-at="2023-01-03T14:24:25Z" finished-at="2023-01-03T14:24:39Z">
          <reporter-output>
          </reporter-output>
        </test-method> <!-- verifyBirthday -->
      </class> <!-- hrPageTestCase.TC_BirthdayTestcase_006 -->
      <class name="hrPageTestCase.TC_companyTestcase_002">
        <test-method status="PASS" signature="verifycompany()[pri:0, instance:hrPageTestCase.TC_companyTestcase_002@234bef66]" name="verifycompany" duration-ms="17795" started-at="2023-01-03T14:23:40Z" finished-at="2023-01-03T14:23:58Z">
          <reporter-output>
          </reporter-output>
        </test-method> <!-- verifycompany -->
      </class> <!-- hrPageTestCase.TC_companyTestcase_002 -->
      <class name="hrPageTestCase.TC_Attendancetestcase_004">
        <test-method status="PASS" signature="verifyattendance()[pri:0, instance:hrPageTestCase.TC_Attendancetestcase_004@61dc03ce]" name="verifyattendance" duration-ms="10870" started-at="2023-01-03T14:24:14Z" finished-at="2023-01-03T14:24:25Z">
          <reporter-output>
          </reporter-output>
        </test-method> <!-- verifyattendance -->
      </class> <!-- hrPageTestCase.TC_Attendancetestcase_004 -->
      <class name="hrPageTestCase.TC_LoginTestCase_001">
        <test-method status="PASS" signature="Setup()[pri:0, instance:hrPageTestCase.TC_LoginTestCase_001@9f70c54]" name="Setup" is-config="true" duration-ms="16341" started-at="2023-01-03T14:22:34Z" finished-at="2023-01-03T14:22:50Z">
          <reporter-output>
          </reporter-output>
        </test-method> <!-- Setup -->
        <test-method status="PASS" signature="LoginVerify()[pri:0, instance:hrPageTestCase.TC_LoginTestCase_001@9f70c54]" name="LoginVerify" duration-ms="49619" started-at="2023-01-03T14:22:50Z" finished-at="2023-01-03T14:23:40Z">
          <reporter-output>
          </reporter-output>
        </test-method> <!-- LoginVerify -->
        <test-method status="PASS" signature="Brokedown()[pri:0, instance:hrPageTestCase.TC_LoginTestCase_001@9f70c54]" name="Brokedown" is-config="true" duration-ms="1" started-at="2023-01-03T14:24:39Z" finished-at="2023-01-03T14:24:39Z">
          <reporter-output>
          </reporter-output>
        </test-method> <!-- Brokedown -->
      </class> <!-- hrPageTestCase.TC_LoginTestCase_001 -->
      <class name="hrPageTestCase.TC_leavesTestcase_003">
        <test-method status="PASS" signature="verifyleave()[pri:0, instance:hrPageTestCase.TC_leavesTestcase_003@737996a0]" name="verifyleave" duration-ms="16719" started-at="2023-01-03T14:23:58Z" finished-at="2023-01-03T14:24:14Z">
          <reporter-output>
          </reporter-output>
        </test-method> <!-- verifyleave -->
      </class> <!-- hrPageTestCase.TC_leavesTestcase_003 -->
    </test> <!-- Loginflow -->
  </suite> <!-- hrPageTestcase -->
</testng-results>
